[19-Mar-2025 13:14:47 Europe/Berlin] Starting instructor registration process
[19-Mar-2025 13:14:47 Europe/Berlin] Request Method: POST
[19-Mar-2025 13:14:47 Europe/Berlin] Raw POST data: instructor_id=INS002&ins_fname=Faizan&ins_lname=Faisal&ins_email=faizan%40gmail.com&ins_phone=333-4444-555&ins_cnic=12345-1234567-9&ins_qualification=BSCS&ins_specialization=AI&ins_yoe=6
[19-Mar-2025 13:14:47 Europe/Berlin] POST array: Array
(
    [instructor_id] => INS002
    [ins_fname] => Faizan
    [ins_lname] => Faisal
    [ins_email] => faizan@gmail.com
    [ins_phone] => 333-4444-555
    [ins_cnic] => 12345-1234567-9
    [ins_qualification] => BSCS
    [ins_specialization] => AI
    [ins_yoe] => 6
)

[19-Mar-2025 13:14:47 Europe/Berlin] Attempting database connection...
[19-Mar-2025 13:14:47 Europe/Berlin] Database connection successful
[19-Mar-2025 13:14:47 Europe/Berlin] Sanitized data: Array
(
    [instructor_id] => INS002
    [ins_fname] => Faizan
    [ins_lname] => Faisal
    [ins_email] => faizan@gmail.com
    [ins_phone] => 333-4444-555
    [ins_cnic] => 12345-1234567-9
    [ins_qualification] => BSCS
    [ins_specialization] => AI
    [ins_yoe] => 6
)

[19-Mar-2025 13:14:47 Europe/Berlin] Instructor registration successful for ID: INS002
[19-Mar-2025 13:17:19 Europe/Berlin] Starting instructor registration process
[19-Mar-2025 13:17:19 Europe/Berlin] Request Method: POST
[19-Mar-2025 13:17:19 Europe/Berlin] Raw POST data: instructor_id=INS009&ins_fname=Hanzla&ins_lname=Sohaib&ins_email=sohaib%40gmail.com&ins_phone=333-3333-888&ins_cnic=55555-7777777-9&ins_qualification=MS&ins_specialization=Maths&ins_yoe=3
[19-Mar-2025 13:17:19 Europe/Berlin] POST array: Array
(
    [instructor_id] => INS009
    [ins_fname] => Hanzla
    [ins_lname] => Sohaib
    [ins_email] => sohaib@gmail.com
    [ins_phone] => 333-3333-888
    [ins_cnic] => 55555-7777777-9
    [ins_qualification] => MS
    [ins_specialization] => Maths
    [ins_yoe] => 3
)

[19-Mar-2025 13:17:19 Europe/Berlin] Attempting database connection...
[19-Mar-2025 13:17:19 Europe/Berlin] Database connection successful
[19-Mar-2025 13:17:19 Europe/Berlin] Sanitized data: Array
(
    [instructor_id] => INS009
    [ins_fname] => Hanzla
    [ins_lname] => Sohaib
    [ins_email] => sohaib@gmail.com
    [ins_phone] => 333-3333-888
    [ins_cnic] => 55555-7777777-9
    [ins_qualification] => MS
    [ins_specialization] => Maths
    [ins_yoe] => 3
)

[19-Mar-2025 13:17:19 Europe/Berlin] Instructor registration successful for ID: INS009
